Status: FAILED
Time Taken: 606
Size: 0
Timestamp: Mon Aug 31 13:46:53 IST 2020
TestStep: Groovy Script2
Error:java.lang.NullPointerException: Cannot get property 'testSteps' on null object

----------------- Messages ------------------------------
java.lang.NullPointerException: Cannot get property 'testSteps' on null object
error at line: 3
