<?xml version="1.0" encoding="UTF-8"?>
<testsuite name="Soap Order Product Catalouge Training Assignment.ProductCatalouge" tests="17" failures="0" errors="0" time="41.212"><properties>
[...]
</properties><testcase name="TC _007- Get List of Prod types" time="1.915"/><testcase name="TC _008 -Create a new product-Property Transfer" time="2.76"/><testcase name="TC _008 -Create a new product-Property Expansion" time="1.246"/><testcase name="TC _008 -Create a new product-Groovy Script" time="2.055"/><testcase name="TC _008 -Create a new product-Property Transfer" time="1.438"/><testcase name="TC _008 -Create a new product-Groovy Script and Properties" time="1.753"/><testcase name="TC_009 - Get list of all products" time="1.592"/><testcase name="TC _010 -Get product by SKU -Property Transfer" time="3.572"/><testcase name="TC _010 -Get product by SKU -Property Expansion" time="2.269"/><testcase name="TC _010 - Get product by SKU-Groovy Script" time="2.559"/><testcase name="TC _010 -Get product by SKU -Property Transfer" time="2.998"/><testcase name="TC _010 -Get product by SKU-Groovy Script and Properties" time="3.115"/><testcase name="TC _011 -Del product by SKU -Property Transfer" time="2.71"/><testcase name="TC _011 -Del product by SKU -Property Expansion" time="2.075"/><testcase name="TC _011 - Del product by SKU-Groovy Script" time="2.938"/><testcase name="TC _011 -Del product by SKU -Property Transfer" time="3.068"/><testcase name="TC _011 -Del  new product-Groovy Script and Properties" time="3.149"/></testsuite>